
*** Running vivado
    with args -log zybo_ldbtn_sw_wrapper.vdi -applog -m64 -product Vivado -messageDb vivado.pb -mode batch -source zybo_ldbtn_sw_wrapper.tcl -notrace


****** Vivado v2019.1 (64-bit)
  **** SW Build 2552052 on Fri May 24 14:49:42 MDT 2019
  **** IP Build 2548770 on Fri May 24 18:01:18 MDT 2019
    ** Copyright 1986-2019 Xilinx, Inc. All Rights Reserved.

source zybo_ldbtn_sw_wrapper.tcl -notrace
INFO: [IP_Flow 19-234] Refreshing IP repositories
INFO: [IP_Flow 19-1700] Loaded user IP repository 'c:/Zynq_Book/ZynqPmodVivado-Library'.
INFO: [IP_Flow 19-2313] Loaded Vivado IP repository 'C:/Xilinx/Vivado/2019.1/data/ip'.
WARNING: [IP_Flow 19-4995] The host OS only allows 260 characters in a normal path. The IP cache path is more than 80 characters. If you experience issues with IP caching, please consider changing the IP cache to a location with a shorter path. Alternately consider using the OS subst command to map part of the path to a drive letter. 
Current IP cache path is C:/Zynq_Book/lab08_freertos_software_timer/lab08_freertos_software_timer.cache/ip 
Command: link_design -top zybo_ldbtn_sw_wrapper -part xc7z010clg400-1
Design is defaulting to srcset: sources_1
Design is defaulting to constrset: constrs_1
INFO: [Device 21-403] Loading part xc7z010clg400-1
INFO: [Project 1-454] Reading design checkpoint 'c:/Zynq_Book/lab08_freertos_software_timer/lab08_freertos_software_timer.srcs/sources_1/bd/zybo_ldbtn_sw/ip/zybo_ldbtn_sw_axi_gpio_0_0/zybo_ldbtn_sw_axi_gpio_0_0.dcp' for cell 'zybo_ldbtn_sw_i/axi_gpio_0'
INFO: [Project 1-454] Reading design checkpoint 'c:/Zynq_Book/lab08_freertos_software_timer/lab08_freertos_software_timer.srcs/sources_1/bd/zybo_ldbtn_sw/ip/zybo_ldbtn_sw_axi_gpio_1_0/zybo_ldbtn_sw_axi_gpio_1_0.dcp' for cell 'zybo_ldbtn_sw_i/axi_gpio_1'
INFO: [Project 1-454] Reading design checkpoint 'c:/Zynq_Book/lab08_freertos_software_timer/lab08_freertos_software_timer.srcs/sources_1/bd/zybo_ldbtn_sw/ip/zybo_ldbtn_sw_processing_system7_0_0/zybo_ldbtn_sw_processing_system7_0_0.dcp' for cell 'zybo_ldbtn_sw_i/processing_system7_0'
INFO: [Project 1-454] Reading design checkpoint 'c:/Zynq_Book/lab08_freertos_software_timer/lab08_freertos_software_timer.srcs/sources_1/bd/zybo_ldbtn_sw/ip/zybo_ldbtn_sw_rst_ps7_0_100M_0/zybo_ldbtn_sw_rst_ps7_0_100M_0.dcp' for cell 'zybo_ldbtn_sw_i/rst_ps7_0_100M'
INFO: [Project 1-454] Reading design checkpoint 'c:/Zynq_Book/lab08_freertos_software_timer/lab08_freertos_software_timer.srcs/sources_1/bd/zybo_ldbtn_sw/ip/zybo_ldbtn_sw_xbar_0/zybo_ldbtn_sw_xbar_0.dcp' for cell 'zybo_ldbtn_sw_i/ps7_0_axi_periph/xbar'
INFO: [Project 1-454] Reading design checkpoint 'c:/Zynq_Book/lab08_freertos_software_timer/lab08_freertos_software_timer.srcs/sources_1/bd/zybo_ldbtn_sw/ip/zybo_ldbtn_sw_auto_pc_0/zybo_ldbtn_sw_auto_pc_0.dcp' for cell 'zybo_ldbtn_sw_i/ps7_0_axi_periph/s00_couplers/auto_pc'
INFO: [Netlist 29-17] Analyzing 18 Unisim elements for replacement
INFO: [Netlist 29-28] Unisim Transformation completed in 0 CPU seconds
INFO: [Project 1-479] Netlist was created with Vivado 2019.1
INFO: [Project 1-570] Preparing netlist for logic optimization
Parsing XDC File [c:/Zynq_Book/lab08_freertos_software_timer/lab08_freertos_software_timer.srcs/sources_1/bd/zybo_ldbtn_sw/ip/zybo_ldbtn_sw_processing_system7_0_0/zybo_ldbtn_sw_processing_system7_0_0.xdc] for cell 'zybo_ldbtn_sw_i/processing_system7_0/inst'
Finished Parsing XDC File [c:/Zynq_Book/lab08_freertos_software_timer/lab08_freertos_software_timer.srcs/sources_1/bd/zybo_ldbtn_sw/ip/zybo_ldbtn_sw_processing_system7_0_0/zybo_ldbtn_sw_processing_system7_0_0.xdc] for cell 'zybo_ldbtn_sw_i/processing_system7_0/inst'
Parsing XDC File [c:/Zynq_Book/lab08_freertos_software_timer/lab08_freertos_software_timer.srcs/sources_1/bd/zybo_ldbtn_sw/ip/zybo_ldbtn_sw_axi_gpio_0_0/zybo_ldbtn_sw_axi_gpio_0_0_board.xdc] for cell 'zybo_ldbtn_sw_i/axi_gpio_0/U0'
Finished Parsing XDC File [c:/Zynq_Book/lab08_freertos_software_timer/lab08_freertos_software_timer.srcs/sources_1/bd/zybo_ldbtn_sw/ip/zybo_ldbtn_sw_axi_gpio_0_0/zybo_ldbtn_sw_axi_gpio_0_0_board.xdc] for cell 'zybo_ldbtn_sw_i/axi_gpio_0/U0'
Parsing XDC File [c:/Zynq_Book/lab08_freertos_software_timer/lab08_freertos_software_timer.srcs/sources_1/bd/zybo_ldbtn_sw/ip/zybo_ldbtn_sw_axi_gpio_0_0/zybo_ldbtn_sw_axi_gpio_0_0.xdc] for cell 'zybo_ldbtn_sw_i/axi_gpio_0/U0'
Finished Parsing XDC File [c:/Zynq_Book/lab08_freertos_software_timer/lab08_freertos_software_timer.srcs/sources_1/bd/zybo_ldbtn_sw/ip/zybo_ldbtn_sw_axi_gpio_0_0/zybo_ldbtn_sw_axi_gpio_0_0.xdc] for cell 'zybo_ldbtn_sw_i/axi_gpio_0/U0'
Parsing XDC File [c:/Zynq_Book/lab08_freertos_software_timer/lab08_freertos_software_timer.srcs/sources_1/bd/zybo_ldbtn_sw/ip/zybo_ldbtn_sw_axi_gpio_1_0/zybo_ldbtn_sw_axi_gpio_1_0_board.xdc] for cell 'zybo_ldbtn_sw_i/axi_gpio_1/U0'
Finished Parsing XDC File [c:/Zynq_Book/lab08_freertos_software_timer/lab08_freertos_software_timer.srcs/sources_1/bd/zybo_ldbtn_sw/ip/zybo_ldbtn_sw_axi_gpio_1_0/zybo_ldbtn_sw_axi_gpio_1_0_board.xdc] for cell 'zybo_ldbtn_sw_i/axi_gpio_1/U0'
Parsing XDC File [c:/Zynq_Book/lab08_freertos_software_timer/lab08_freertos_software_timer.srcs/sources_1/bd/zybo_ldbtn_sw/ip/zybo_ldbtn_sw_axi_gpio_1_0/zybo_ldbtn_sw_axi_gpio_1_0.xdc] for cell 'zybo_ldbtn_sw_i/axi_gpio_1/U0'
Finished Parsing XDC File [c:/Zynq_Book/lab08_freertos_software_timer/lab08_freertos_software_timer.srcs/sources_1/bd/zybo_ldbtn_sw/ip/zybo_ldbtn_sw_axi_gpio_1_0/zybo_ldbtn_sw_axi_gpio_1_0.xdc] for cell 'zybo_ldbtn_sw_i/axi_gpio_1/U0'
Parsing XDC File [c:/Zynq_Book/lab08_freertos_software_timer/lab08_freertos_software_timer.srcs/sources_1/bd/zybo_ldbtn_sw/ip/zybo_ldbtn_sw_rst_ps7_0_100M_0/zybo_ldbtn_sw_rst_ps7_0_100M_0_board.xdc] for cell 'zybo_ldbtn_sw_i/rst_ps7_0_100M/U0'
Finished Parsing XDC File [c:/Zynq_Book/lab08_freertos_software_timer/lab08_freertos_software_timer.srcs/sources_1/bd/zybo_ldbtn_sw/ip/zybo_ldbtn_sw_rst_ps7_0_100M_0/zybo_ldbtn_sw_rst_ps7_0_100M_0_board.xdc] for cell 'zybo_ldbtn_sw_i/rst_ps7_0_100M/U0'
Parsing XDC File [c:/Zynq_Book/lab08_freertos_software_timer/lab08_freertos_software_timer.srcs/sources_1/bd/zybo_ldbtn_sw/ip/zybo_ldbtn_sw_rst_ps7_0_100M_0/zybo_ldbtn_sw_rst_ps7_0_100M_0.xdc] for cell 'zybo_ldbtn_sw_i/rst_ps7_0_100M/U0'
Finished Parsing XDC File [c:/Zynq_Book/lab08_freertos_software_timer/lab08_freertos_software_timer.srcs/sources_1/bd/zybo_ldbtn_sw/ip/zybo_ldbtn_sw_rst_ps7_0_100M_0/zybo_ldbtn_sw_rst_ps7_0_100M_0.xdc] for cell 'zybo_ldbtn_sw_i/rst_ps7_0_100M/U0'
INFO: [Opt 31-138] Pushed 0 inverter(s) to 0 load pin(s).
Netlist sorting complete. Time (s): cpu = 00:00:00 ; elapsed = 00:00:00.003 . Memory (MB): peak = 713.199 ; gain = 0.000
INFO: [Project 1-111] Unisim Transformation Summary:
No Unisim elements were transformed.

16 Infos, 1 Warnings, 0 Critical Warnings and 0 Errors encountered.
link_design completed successfully
link_design: Time (s): cpu = 00:00:12 ; elapsed = 00:00:15 . Memory (MB): peak = 713.199 ; gain = 398.082
Command: opt_design
Attempting to get a license for feature 'Implementation' and/or device 'xc7z010'
INFO: [Common 17-349] Got license for feature 'Implementation' and/or device 'xc7z010'
Running DRC as a precondition to command opt_design

Starting DRC Task
INFO: [DRC 23-27] Running DRC with 2 threads
INFO: [Project 1-461] DRC finished with 0 Errors
INFO: [Project 1-462] Please refer to the DRC report (report_drc) for more information.

Time (s): cpu = 00:00:01 ; elapsed = 00:00:00.839 . Memory (MB): peak = 736.273 ; gain = 23.074

Starting Cache Timing Information Task
INFO: [Timing 38-35] Done setting XDC timing constraints.
Ending Cache Timing Information Task | Checksum: 1b1a5f8ad

Time (s): cpu = 00:00:11 ; elapsed = 00:00:12 . Memory (MB): peak = 1256.227 ; gain = 519.953

Starting Logic Optimization Task

Phase 1 Retarget
INFO: [Opt 31-138] Pushed 0 inverter(s) to 0 load pin(s).
INFO: [Opt 31-49] Retargeted 0 cell(s).
Phase 1 Retarget | Checksum: 10e053018

Time (s): cpu = 00:00:01 ; elapsed = 00:00:00.247 . Memory (MB): peak = 1398.543 ; gain = 0.000
INFO: [Opt 31-389] Phase Retarget created 6 cells and removed 56 cells
INFO: [Opt 31-1021] In phase Retarget, 8 netlist objects are constrained preventing optimization. Please run opt_design with -debug_log to get more detail. 

Phase 2 Constant propagation
INFO: [Opt 31-138] Pushed 0 inverter(s) to 0 load pin(s).
Phase 2 Constant propagation | Checksum: 10e053018

Time (s): cpu = 00:00:01 ; elapsed = 00:00:00.274 . Memory (MB): peak = 1398.543 ; gain = 0.000
INFO: [Opt 31-389] Phase Constant propagation created 0 cells and removed 0 cells

Phase 3 Sweep
Phase 3 Sweep | Checksum: 7d04ad03

Time (s): cpu = 00:00:01 ; elapsed = 00:00:00.856 . Memory (MB): peak = 1398.543 ; gain = 0.000
INFO: [Opt 31-389] Phase Sweep created 4 cells and removed 206 cells

Phase 4 BUFG optimization
Phase 4 BUFG optimization | Checksum: 7d04ad03

Time (s): cpu = 00:00:01 ; elapsed = 00:00:00.915 . Memory (MB): peak = 1398.543 ; gain = 0.000
INFO: [Opt 31-662] Phase BUFG optimization created 0 cells of which 0 are BUFGs and removed 0 cells.

Phase 5 Shift Register Optimization
INFO: [Opt 31-1064] SRL Remap converted 0 SRLs to 0 registers and converted 0 registers of register chains to 0 SRLs
Phase 5 Shift Register Optimization | Checksum: 7d04ad03

Time (s): cpu = 00:00:01 ; elapsed = 00:00:00.969 . Memory (MB): peak = 1398.543 ; gain = 0.000
INFO: [Opt 31-389] Phase Shift Register Optimization created 0 cells and removed 0 cells

Phase 6 Post Processing Netlist
Phase 6 Post Processing Netlist | Checksum: 1132cb96a

Time (s): cpu = 00:00:01 ; elapsed = 00:00:01 . Memory (MB): peak = 1398.543 ; gain = 0.000
INFO: [Opt 31-389] Phase Post Processing Netlist created 0 cells and removed 0 cells
Opt_design Change Summary
=========================


-------------------------------------------------------------------------------------------------------------------------
|  Phase                        |  #Cells created  |  #Cells Removed  |  #Constrained objects preventing optimizations  |
-------------------------------------------------------------------------------------------------------------------------
|  Retarget                     |               6  |              56  |                                              8  |
|  Constant propagation         |               0  |               0  |                                              0  |
|  Sweep                        |               4  |             206  |                                              0  |
|  BUFG optimization            |               0  |               0  |                                              0  |
|  Shift Register Optimization  |               0  |               0  |                                              0  |
|  Post Processing Netlist      |               0  |               0  |                                              0  |
-------------------------------------------------------------------------------------------------------------------------



Starting Connectivity Check Task

Time (s): cpu = 00:00:00 ; elapsed = 00:00:00.006 . Memory (MB): peak = 1398.543 ; gain = 0.000
Ending Logic Optimization Task | Checksum: 160e78855

Time (s): cpu = 00:00:02 ; elapsed = 00:00:01 . Memory (MB): peak = 1398.543 ; gain = 0.000

Starting Power Optimization Task
INFO: [Pwropt 34-132] Skipping clock gating for clocks with a period < 2.00 ns.
Ending Power Optimization Task | Checksum: 160e78855

Time (s): cpu = 00:00:00 ; elapsed = 00:00:00.020 . Memory (MB): peak = 1398.543 ; gain = 0.000

Starting Final Cleanup Task
Ending Final Cleanup Task | Checksum: 160e78855

Time (s): cpu = 00:00:00 ; elapsed = 00:00:00 . Memory (MB): peak = 1398.543 ; gain = 0.000

Starting Netlist Obfuscation Task
Netlist sorting complete. Time (s): cpu = 00:00:00 ; elapsed = 00:00:00.001 . Memory (MB): peak = 1398.543 ; gain = 0.000
Ending Netlist Obfuscation Task | Checksum: 160e78855

Time (s): cpu = 00:00:00 ; elapsed = 00:00:00.002 . Memory (MB): peak = 1398.543 ; gain = 0.000
INFO: [Common 17-83] Releasing license: Implementation
34 Infos, 1 Warnings, 0 Critical Warnings and 0 Errors encountered.
opt_design completed successfully
opt_design: Time (s): cpu = 00:00:16 ; elapsed = 00:00:16 . Memory (MB): peak = 1398.543 ; gain = 685.344
Netlist sorting complete. Time (s): cpu = 00:00:00 ; elapsed = 00:00:00.001 . Memory (MB): peak = 1398.543 ; gain = 0.000
INFO: [Timing 38-480] Writing timing data to binary archive.
Writing placer database...
Writing XDEF routing.
Writing XDEF routing logical nets.
Writing XDEF routing special nets.
Write XDEF Complete: Time (s): cpu = 00:00:00 ; elapsed = 00:00:00.138 . Memory (MB): peak = 1398.543 ; gain = 0.000
INFO: [Common 17-1381] The checkpoint 'C:/Zynq_Book/lab08_freertos_software_timer/lab08_freertos_software_timer.runs/impl_1/zybo_ldbtn_sw_wrapper_opt.dcp' has been generated.
INFO: [runtcl-4] Executing : report_drc -file zybo_ldbtn_sw_wrapper_drc_opted.rpt -pb zybo_ldbtn_sw_wrapper_drc_opted.pb -rpx zybo_ldbtn_sw_wrapper_drc_opted.rpx
Command: report_drc -file zybo_ldbtn_sw_wrapper_drc_opted.rpt -pb zybo_ldbtn_sw_wrapper_drc_opted.pb -rpx zybo_ldbtn_sw_wrapper_drc_opted.rpx
INFO: [IP_Flow 19-1839] IP Catalog is up to date.
INFO: [DRC 23-27] Running DRC with 2 threads
INFO: [Coretcl 2-168] The results of DRC are in file C:/Zynq_Book/lab08_freertos_software_timer/lab08_freertos_software_timer.runs/impl_1/zybo_ldbtn_sw_wrapper_drc_opted.rpt.
report_drc completed successfully
Command: place_design
Attempting to get a license for feature 'Implementation' and/or device 'xc7z010'
INFO: [Common 17-349] Got license for feature 'Implementation' and/or device 'xc7z010'
INFO: [DRC 23-27] Running DRC with 2 threads
INFO: [Vivado_Tcl 4-198] DRC finished with 0 Errors
INFO: [Vivado_Tcl 4-199] Please refer to the DRC report (report_drc) for more information.
Running DRC as a precondition to command place_design
INFO: [DRC 23-27] Running DRC with 2 threads
INFO: [Vivado_Tcl 4-198] DRC finished with 0 Errors
INFO: [Vivado_Tcl 4-199] Please refer to the DRC report (report_drc) for more information.

Starting Placer Task
INFO: [Place 30-611] Multithreading enabled for place_design using a maximum of 2 CPUs

Phase 1 Placer Initialization

Phase 1.1 Placer Initialization Netlist Sorting
Netlist sorting complete. Time (s): cpu = 00:00:00 ; elapsed = 00:00:00.002 . Memory (MB): peak = 1398.543 ; gain = 0.000
Phase 1.1 Placer Initialization Netlist Sorting | Checksum: 74f378f9

Time (s): cpu = 00:00:01 ; elapsed = 00:00:00.033 . Memory (MB): peak = 1398.543 ; gain = 0.000
Netlist sorting complete. Time (s): cpu = 00:00:00 ; elapsed = 00:00:00.001 . Memory (MB): peak = 1398.543 ; gain = 0.000

Phase 1.2 IO Placement/ Clock Placement/ Build Placer Device
INFO: [Timing 38-35] Done setting XDC timing constraints.
Phase 1.2 IO Placement/ Clock Placement/ Build Placer Device | Checksum: 114afe75c

Time (s): cpu = 00:00:02 ; elapsed = 00:00:02 . Memory (MB): peak = 1398.543 ; gain = 0.000

Phase 1.3 Build Placer Netlist Model
Phase 1.3 Build Placer Netlist Model | Checksum: 1cf5866cd

Time (s): cpu = 00:00:03 ; elapsed = 00:00:03 . Memory (MB): peak = 1398.543 ; gain = 0.000

Phase 1.4 Constrain Clocks/Macros
Phase 1.4 Constrain Clocks/Macros | Checksum: 1cf5866cd

Time (s): cpu = 00:00:03 ; elapsed = 00:00:03 . Memory (MB): peak = 1398.543 ; gain = 0.000
Phase 1 Placer Initialization | Checksum: 1cf5866cd

Time (s): cpu = 00:00:03 ; elapsed = 00:00:03 . Memory (MB): peak = 1398.543 ; gain = 0.000

Phase 2 Global Placement

Phase 2.1 Floorplanning
Phase 2.1 Floorplanning | Checksum: 1c08245c1

Time (s): cpu = 00:00:03 ; elapsed = 00:00:03 . Memory (MB): peak = 1398.543 ; gain = 0.000

Phase 2.2 Global Placement Core

Phase 2.2.1 Physical Synthesis In Placer
INFO: [Physopt 32-65] No nets found for high-fanout optimization.
INFO: [Physopt 32-232] Optimized 0 net. Created 0 new instance.
INFO: [Physopt 32-775] End 1 Pass. Optimized 0 net or cell. Created 0 new cell, deleted 0 existing cell and moved 0 existing cell
INFO: [Physopt 32-670] No setup violation found.  DSP Register Optimization was not performed.
INFO: [Physopt 32-670] No setup violation found.  Shift Register Optimization was not performed.
INFO: [Physopt 32-670] No setup violation found.  BRAM Register Optimization was not performed.
INFO: [Physopt 32-949] No candidate nets found for HD net replication
INFO: [Physopt 32-775] End 1 Pass. Optimized 0 net or cell. Created 0 new cell, deleted 0 existing cell and moved 0 existing cell
Netlist sorting complete. Time (s): cpu = 00:00:00 ; elapsed = 00:00:00.002 . Memory (MB): peak = 1398.543 ; gain = 0.000

Summary of Physical Synthesis Optimizations
============================================


----------------------------------------------------------------------------------------------------------------------------------------
|  Optimization                  |  Added Cells  |  Removed Cells  |  Optimized Cells/Nets  |  Dont Touch  |  Iterations  |  Elapsed   |
----------------------------------------------------------------------------------------------------------------------------------------
|  Very High Fanout              |            0  |              0  |                     0  |           0  |           1  |  00:00:00  |
|  DSP Register                  |            0  |              0  |                     0  |           0  |           0  |  00:00:00  |
|  Shift Register                |            0  |              0  |                     0  |           0  |           0  |  00:00:00  |
|  BRAM Register                 |            0  |              0  |                     0  |           0  |           0  |  00:00:00  |
|  HD Interface Net Replication  |            0  |              0  |                     0  |           0  |           1  |  00:00:00  |
|  Total                         |            0  |              0  |                     0  |           0  |           2  |  00:00:00  |
----------------------------------------------------------------------------------------------------------------------------------------


Phase 2.2.1 Physical Synthesis In Placer | Checksum: 22728a4b1

Time (s): cpu = 00:00:08 ; elapsed = 00:00:06 . Memory (MB): peak = 1398.543 ; gain = 0.000
Phase 2.2 Global Placement Core | Checksum: 1ee81b099

Time (s): cpu = 00:00:08 ; elapsed = 00:00:06 . Memory (MB): peak = 1398.543 ; gain = 0.000
Phase 2 Global Placement | Checksum: 1ee81b099

Time (s): cpu = 00:00:08 ; elapsed = 00:00:06 . Memory (MB): peak = 1398.543 ; gain = 0.000

Phase 3 Detail Placement

Phase 3.1 Commit Multi Column Macros
Phase 3.1 Commit Multi Column Macros | Checksum: 221e745ae

Time (s): cpu = 00:00:08 ; elapsed = 00:00:06 . Memory (MB): peak = 1398.543 ; gain = 0.000

Phase 3.2 Commit Most Macros & LUTRAMs
Phase 3.2 Commit Most Macros & LUTRAMs | Checksum: 1f97cc3c2

Time (s): cpu = 00:00:09 ; elapsed = 00:00:06 . Memory (MB): peak = 1398.543 ; gain = 0.000

Phase 3.3 Area Swap Optimization
Phase 3.3 Area Swap Optimization | Checksum: 15268947f

Time (s): cpu = 00:00:09 ; elapsed = 00:00:06 . Memory (MB): peak = 1398.543 ; gain = 0.000

Phase 3.4 Pipeline Register Optimization
Phase 3.4 Pipeline Register Optimization | Checksum: 1c6ff6861

Time (s): cpu = 00:00:09 ; elapsed = 00:00:06 . Memory (MB): peak = 1398.543 ; gain = 0.000

Phase 3.5 Small Shape Detail Placement
Phase 3.5 Small Shape Detail Placement | Checksum: 19e4bf983

Time (s): cpu = 00:00:09 ; elapsed = 00:00:07 . Memory (MB): peak = 1398.543 ; gain = 0.000

Phase 3.6 Re-assign LUT pins
Phase 3.6 Re-assign LUT pins | Checksum: 1bafe1593

Time (s): cpu = 00:00:10 ; elapsed = 00:00:07 . Memory (MB): peak = 1398.543 ; gain = 0.000

Phase 3.7 Pipeline Register Optimization
Phase 3.7 Pipeline Register Optimization | Checksum: 24676e165

Time (s): cpu = 00:00:10 ; elapsed = 00:00:07 . Memory (MB): peak = 1398.543 ; gain = 0.000
Phase 3 Detail Placement | Checksum: 24676e165

Time (s): cpu = 00:00:10 ; elapsed = 00:00:07 . Memory (MB): peak = 1398.543 ; gain = 0.000

Phase 4 Post Placement Optimization and Clean-Up

Phase 4.1 Post Commit Optimization
INFO: [Timing 38-35] Done setting XDC timing constraints.

Phase 4.1.1 Post Placement Optimization
Post Placement Optimization Initialization | Checksum: 1a53b4781

Phase 4.1.1.1 BUFG Insertion
INFO: [Place 46-56] BUFG insertion identified 0 candidate nets. Inserted BUFG: 0, Replicated BUFG Driver: 0, Skipped due to Placement/Routing Conflicts: 0, Skipped due to Timing Degradation: 0, Skipped due to Illegal Netlist: 0.
Phase 4.1.1.1 BUFG Insertion | Checksum: 1a53b4781

Time (s): cpu = 00:00:10 ; elapsed = 00:00:07 . Memory (MB): peak = 1405.273 ; gain = 6.730
INFO: [Place 30-746] Post Placement Timing Summary WNS=3.194. For the most accurate timing information please run report_timing.
Phase 4.1.1 Post Placement Optimization | Checksum: 18331ba7f

Time (s): cpu = 00:00:10 ; elapsed = 00:00:07 . Memory (MB): peak = 1405.273 ; gain = 6.730
Phase 4.1 Post Commit Optimization | Checksum: 18331ba7f

Time (s): cpu = 00:00:10 ; elapsed = 00:00:07 . Memory (MB): peak = 1405.273 ; gain = 6.730

Phase 4.2 Post Placement Cleanup
Phase 4.2 Post Placement Cleanup | Checksum: 18331ba7f

Time (s): cpu = 00:00:10 ; elapsed = 00:00:08 . Memory (MB): peak = 1405.273 ; gain = 6.730

Phase 4.3 Placer Reporting
Phase 4.3 Placer Reporting | Checksum: 18331ba7f

Time (s): cpu = 00:00:10 ; elapsed = 00:00:08 . Memory (MB): peak = 1405.273 ; gain = 6.730

Phase 4.4 Final Placement Cleanup
Netlist sorting complete. Time (s): cpu = 00:00:00 ; elapsed = 00:00:00.001 . Memory (MB): peak = 1405.273 ; gain = 0.000
Phase 4.4 Final Placement Cleanup | Checksum: 16edde836

Time (s): cpu = 00:00:10 ; elapsed = 00:00:08 . Memory (MB): peak = 1405.273 ; gain = 6.730
Phase 4 Post Placement Optimization and Clean-Up | Checksum: 16edde836

Time (s): cpu = 00:00:10 ; elapsed = 00:00:08 . Memory (MB): peak = 1405.273 ; gain = 6.730
Ending Placer Task | Checksum: dcf8870f

Time (s): cpu = 00:00:10 ; elapsed = 00:00:08 . Memory (MB): peak = 1405.273 ; gain = 6.730
INFO: [Common 17-83] Releasing license: Implementation
61 Infos, 1 Warnings, 0 Critical Warnings and 0 Errors encountered.
place_design completed successfully
place_design: Time (s): cpu = 00:00:12 ; elapsed = 00:00:09 . Memory (MB): peak = 1405.273 ; gain = 6.730
Netlist sorting complete. Time (s): cpu = 00:00:00 ; elapsed = 00:00:00.003 . Memory (MB): peak = 1405.273 ; gain = 0.000
INFO: [Timing 38-480] Writing timing data to binary archive.
Writing placer database...
Writing XDEF routing.
Writing XDEF routing logical nets.
Writing XDEF routing special nets.
Write XDEF Complete: Time (s): cpu = 00:00:02 ; elapsed = 00:00:00.450 . Memory (MB): peak = 1406.309 ; gain = 1.035
INFO: [Common 17-1381] The checkpoint 'C:/Zynq_Book/lab08_freertos_software_timer/lab08_freertos_software_timer.runs/impl_1/zybo_ldbtn_sw_wrapper_placed.dcp' has been generated.
INFO: [runtcl-4] Executing : report_io -file zybo_ldbtn_sw_wrapper_io_placed.rpt
report_io: Time (s): cpu = 00:00:00 ; elapsed = 00:00:00.077 . Memory (MB): peak = 1406.309 ; gain = 0.000
INFO: [runtcl-4] Executing : report_utilization -file zybo_ldbtn_sw_wrapper_utilization_placed.rpt -pb zybo_ldbtn_sw_wrapper_utilization_placed.pb
INFO: [runtcl-4] Executing : report_control_sets -verbose -file zybo_ldbtn_sw_wrapper_control_sets_placed.rpt
report_control_sets: Time (s): cpu = 00:00:00 ; elapsed = 00:00:00.065 . Memory (MB): peak = 1406.309 ; gain = 0.000
Command: route_design
Attempting to get a license for feature 'Implementation' and/or device 'xc7z010'
INFO: [Common 17-349] Got license for feature 'Implementation' and/or device 'xc7z010'
Running DRC as a precondition to command route_design
INFO: [DRC 23-27] Running DRC with 2 threads
INFO: [Vivado_Tcl 4-198] DRC finished with 0 Errors
INFO: [Vivado_Tcl 4-199] Please refer to the DRC report (report_drc) for more information.


Starting Routing Task
INFO: [Route 35-254] Multithreading enabled for route_design using a maximum of 2 CPUs
Checksum: PlaceDB: d4eba7cb ConstDB: 0 ShapeSum: 80cdf44 RouteDB: 0

Phase 1 Build RT Design
Phase 1 Build RT Design | Checksum: 1c090a1fd

Time (s): cpu = 00:00:19 ; elapsed = 00:00:17 . Memory (MB): peak = 1449.473 ; gain = 28.578
Post Restoration Checksum: NetGraph: d7942fa4 NumContArr: e8fc7259 Constraints: 0 Timing: 0

Phase 2 Router Initialization

Phase 2.1 Create Timer
Phase 2.1 Create Timer | Checksum: 1c090a1fd

Time (s): cpu = 00:00:19 ; elapsed = 00:00:17 . Memory (MB): peak = 1475.742 ; gain = 54.848

Phase 2.2 Fix Topology Constraints
Phase 2.2 Fix Topology Constraints | Checksum: 1c090a1fd

Time (s): cpu = 00:00:19 ; elapsed = 00:00:17 . Memory (MB): peak = 1482.301 ; gain = 61.406

Phase 2.3 Pre Route Cleanup
Phase 2.3 Pre Route Cleanup | Checksum: 1c090a1fd

Time (s): cpu = 00:00:19 ; elapsed = 00:00:17 . Memory (MB): peak = 1482.301 ; gain = 61.406
 Number of Nodes with overlaps = 0

Phase 2.4 Update Timing
Phase 2.4 Update Timing | Checksum: 169cb50b9

Time (s): cpu = 00:00:20 ; elapsed = 00:00:18 . Memory (MB): peak = 1489.348 ; gain = 68.453
INFO: [Route 35-416] Intermediate Timing Summary | WNS=3.222  | TNS=0.000  | WHS=-0.190 | THS=-21.118|

Phase 2 Router Initialization | Checksum: f6213cd5

Time (s): cpu = 00:00:20 ; elapsed = 00:00:18 . Memory (MB): peak = 1491.195 ; gain = 70.301

Router Utilization Summary
  Global Vertical Routing Utilization    = 0 %
  Global Horizontal Routing Utilization  = 0 %
  Routable Net Status*
  *Does not include unroutable nets such as driverless and loadless.
  Run report_route_status for detailed report.
  Number of Failed Nets               = 1464
    (Failed Nets is the sum of unrouted and partially routed nets)
  Number of Unrouted Nets             = 1464
  Number of Partially Routed Nets     = 0
  Number of Node Overlaps             = 0


Phase 3 Initial Routing
Phase 3 Initial Routing | Checksum: 17a9ff473

Time (s): cpu = 00:00:21 ; elapsed = 00:00:19 . Memory (MB): peak = 1491.449 ; gain = 70.555

Phase 4 Rip-up And Reroute

Phase 4.1 Global Iteration 0
 Number of Nodes with overlaps = 114
 Number of Nodes with overlaps = 0
INFO: [Route 35-416] Intermediate Timing Summary | WNS=3.462  | TNS=0.000  | WHS=N/A    | THS=N/A    |

Phase 4.1 Global Iteration 0 | Checksum: 0a15a789

Time (s): cpu = 00:00:22 ; elapsed = 00:00:20 . Memory (MB): peak = 1491.453 ; gain = 70.559

Phase 4.2 Global Iteration 1
 Number of Nodes with overlaps = 4
 Number of Nodes with overlaps = 0
INFO: [Route 35-416] Intermediate Timing Summary | WNS=3.462  | TNS=0.000  | WHS=N/A    | THS=N/A    |

Phase 4.2 Global Iteration 1 | Checksum: 14da40a04

Time (s): cpu = 00:00:22 ; elapsed = 00:00:20 . Memory (MB): peak = 1491.453 ; gain = 70.559
Phase 4 Rip-up And Reroute | Checksum: 14da40a04

Time (s): cpu = 00:00:22 ; elapsed = 00:00:20 . Memory (MB): peak = 1491.453 ; gain = 70.559

Phase 5 Delay and Skew Optimization

Phase 5.1 Delay CleanUp
Phase 5.1 Delay CleanUp | Checksum: 14da40a04

Time (s): cpu = 00:00:22 ; elapsed = 00:00:20 . Memory (MB): peak = 1491.453 ; gain = 70.559

Phase 5.2 Clock Skew Optimization
Phase 5.2 Clock Skew Optimization | Checksum: 14da40a04

Time (s): cpu = 00:00:22 ; elapsed = 00:00:20 . Memory (MB): peak = 1491.453 ; gain = 70.559
Phase 5 Delay and Skew Optimization | Checksum: 14da40a04

Time (s): cpu = 00:00:22 ; elapsed = 00:00:20 . Memory (MB): peak = 1491.453 ; gain = 70.559

Phase 6 Post Hold Fix

Phase 6.1 Hold Fix Iter

Phase 6.1.1 Update Timing
Phase 6.1.1 Update Timing | Checksum: 85fbcc9a

Time (s): cpu = 00:00:22 ; elapsed = 00:00:20 . Memory (MB): peak = 1491.453 ; gain = 70.559
INFO: [Route 35-416] Intermediate Timing Summary | WNS=3.577  | TNS=0.000  | WHS=0.037  | THS=0.000  |

Phase 6.1 Hold Fix Iter | Checksum: 9e4c9c6c

Time (s): cpu = 00:00:22 ; elapsed = 00:00:20 . Memory (MB): peak = 1491.453 ; gain = 70.559
Phase 6 Post Hold Fix | Checksum: 9e4c9c6c

Time (s): cpu = 00:00:22 ; elapsed = 00:00:20 . Memory (MB): peak = 1491.453 ; gain = 70.559

Phase 7 Route finalize

Router Utilization Summary
  Global Vertical Routing Utilization    = 0.450732 %
  Global Horizontal Routing Utilization  = 0.62477 %
  Routable Net Status*
  *Does not include unroutable nets such as driverless and loadless.
  Run report_route_status for detailed report.
  Number of Failed Nets               = 0
    (Failed Nets is the sum of unrouted and partially routed nets)
  Number of Unrouted Nets             = 0
  Number of Partially Routed Nets     = 0
  Number of Node Overlaps             = 0

Phase 7 Route finalize | Checksum: 13c9b9830

Time (s): cpu = 00:00:22 ; elapsed = 00:00:20 . Memory (MB): peak = 1491.453 ; gain = 70.559

Phase 8 Verifying routed nets

 Verification completed successfully
Phase 8 Verifying routed nets | Checksum: 13c9b9830

Time (s): cpu = 00:00:22 ; elapsed = 00:00:20 . Memory (MB): peak = 1493.512 ; gain = 72.617

Phase 9 Depositing Routes
Phase 9 Depositing Routes | Checksum: 172b736df

Time (s): cpu = 00:00:23 ; elapsed = 00:00:20 . Memory (MB): peak = 1493.512 ; gain = 72.617

Phase 10 Post Router Timing
INFO: [Route 35-57] Estimated Timing Summary | WNS=3.577  | TNS=0.000  | WHS=0.037  | THS=0.000  |

INFO: [Route 35-327] The final timing numbers are based on the router estimated timing analysis. For a complete and accurate timing signoff, please run report_timing_summary.
Phase 10 Post Router Timing | Checksum: 172b736df

Time (s): cpu = 00:00:23 ; elapsed = 00:00:20 . Memory (MB): peak = 1493.512 ; gain = 72.617
INFO: [Route 35-16] Router Completed Successfully

Time (s): cpu = 00:00:23 ; elapsed = 00:00:20 . Memory (MB): peak = 1493.512 ; gain = 72.617

Routing Is Done.
INFO: [Common 17-83] Releasing license: Implementation
79 Infos, 1 Warnings, 0 Critical Warnings and 0 Errors encountered.
route_design completed successfully
route_design: Time (s): cpu = 00:00:27 ; elapsed = 00:00:22 . Memory (MB): peak = 1493.512 ; gain = 87.203
Netlist sorting complete. Time (s): cpu = 00:00:00 ; elapsed = 00:00:00.002 . Memory (MB): peak = 1493.512 ; gain = 0.000
INFO: [Timing 38-480] Writing timing data to binary archive.
Writing placer database...
Writing XDEF routing.
Writing XDEF routing logical nets.
Writing XDEF routing special nets.
Write XDEF Complete: Time (s): cpu = 00:00:01 ; elapsed = 00:00:00.493 . Memory (MB): peak = 1503.363 ; gain = 9.852
INFO: [Common 17-1381] The checkpoint 'C:/Zynq_Book/lab08_freertos_software_timer/lab08_freertos_software_timer.runs/impl_1/zybo_ldbtn_sw_wrapper_routed.dcp' has been generated.
INFO: [runtcl-4] Executing : report_drc -file zybo_ldbtn_sw_wrapper_drc_routed.rpt -pb zybo_ldbtn_sw_wrapper_drc_routed.pb -rpx zybo_ldbtn_sw_wrapper_drc_routed.rpx
Command: report_drc -file zybo_ldbtn_sw_wrapper_drc_routed.rpt -pb zybo_ldbtn_sw_wrapper_drc_routed.pb -rpx zybo_ldbtn_sw_wrapper_drc_routed.rpx
INFO: [IP_Flow 19-1839] IP Catalog is up to date.
INFO: [DRC 23-27] Running DRC with 2 threads
INFO: [Coretcl 2-168] The results of DRC are in file C:/Zynq_Book/lab08_freertos_software_timer/lab08_freertos_software_timer.runs/impl_1/zybo_ldbtn_sw_wrapper_drc_routed.rpt.
report_drc completed successfully
INFO: [runtcl-4] Executing : report_methodology -file zybo_ldbtn_sw_wrapper_methodology_drc_routed.rpt -pb zybo_ldbtn_sw_wrapper_methodology_drc_routed.pb -rpx zybo_ldbtn_sw_wrapper_methodology_drc_routed.rpx
Command: report_methodology -file zybo_ldbtn_sw_wrapper_methodology_drc_routed.rpt -pb zybo_ldbtn_sw_wrapper_methodology_drc_routed.pb -rpx zybo_ldbtn_sw_wrapper_methodology_drc_routed.rpx
INFO: [Timing 38-35] Done setting XDC timing constraints.
INFO: [DRC 23-133] Running Methodology with 2 threads
INFO: [Coretcl 2-1520] The results of Report Methodology are in file C:/Zynq_Book/lab08_freertos_software_timer/lab08_freertos_software_timer.runs/impl_1/zybo_ldbtn_sw_wrapper_methodology_drc_routed.rpt.
report_methodology completed successfully
INFO: [runtcl-4] Executing : report_power -file zybo_ldbtn_sw_wrapper_power_routed.rpt -pb zybo_ldbtn_sw_wrapper_power_summary_routed.pb -rpx zybo_ldbtn_sw_wrapper_power_routed.rpx
Command: report_power -file zybo_ldbtn_sw_wrapper_power_routed.rpt -pb zybo_ldbtn_sw_wrapper_power_summary_routed.pb -rpx zybo_ldbtn_sw_wrapper_power_routed.rpx
INFO: [Timing 38-35] Done setting XDC timing constraints.
Running Vector-less Activity Propagation...

Finished Running Vector-less Activity Propagation
91 Infos, 1 Warnings, 0 Critical Warnings and 0 Errors encountered.
report_power completed successfully
INFO: [runtcl-4] Executing : report_route_status -file zybo_ldbtn_sw_wrapper_route_status.rpt -pb zybo_ldbtn_sw_wrapper_route_status.pb
INFO: [runtcl-4] Executing : report_timing_summary -max_paths 10 -file zybo_ldbtn_sw_wrapper_timing_summary_routed.rpt -pb zybo_ldbtn_sw_wrapper_timing_summary_routed.pb -rpx zybo_ldbtn_sw_wrapper_timing_summary_routed.rpx -warn_on_violation 
INFO: [Timing 38-91] UpdateTimingParams: Speed grade: -1, Delay Type: min_max.
INFO: [Timing 38-191] Multithreading enabled for timing update using a maximum of 2 CPUs
INFO: [runtcl-4] Executing : report_incremental_reuse -file zybo_ldbtn_sw_wrapper_incremental_reuse_routed.rpt
INFO: [Vivado_Tcl 4-1062] Incremental flow is disabled. No incremental reuse Info to report.
INFO: [runtcl-4] Executing : report_clock_utilization -file zybo_ldbtn_sw_wrapper_clock_utilization_routed.rpt
INFO: [runtcl-4] Executing : report_bus_skew -warn_on_violation -file zybo_ldbtn_sw_wrapper_bus_skew_routed.rpt -pb zybo_ldbtn_sw_wrapper_bus_skew_routed.pb -rpx zybo_ldbtn_sw_wrapper_bus_skew_routed.rpx
INFO: [Timing 38-91] UpdateTimingParams: Speed grade: -1, Delay Type: min_max.
INFO: [Timing 38-191] Multithreading enabled for timing update using a maximum of 2 CPUs
Command: write_bitstream -force zybo_ldbtn_sw_wrapper.bit
Attempting to get a license for feature 'Implementation' and/or device 'xc7z010'
INFO: [Common 17-349] Got license for feature 'Implementation' and/or device 'xc7z010'
Running DRC as a precondition to command write_bitstream
INFO: [IP_Flow 19-1839] IP Catalog is up to date.
INFO: [DRC 23-27] Running DRC with 2 threads
INFO: [Vivado 12-3199] DRC finished with 0 Errors
INFO: [Vivado 12-3200] Please refer to the DRC report (report_drc) for more information.
INFO: [Designutils 20-2272] Running write_bitstream with 2 threads.
Loading data files...
Loading site data...
Loading route data...
Processing options...
Creating bitmap...
Creating bitstream...
Writing bitstream ./zybo_ldbtn_sw_wrapper.bit...
INFO: [Vivado 12-1842] Bitgen Completed Successfully.
INFO: [Project 1-120] WebTalk data collection is mandatory when using a WebPACK part without a full Vivado license. To see the specific WebTalk data collected for your design, open the usage_statistics_webtalk.html or usage_statistics_webtalk.xml file in the implementation directory.
INFO: [Common 17-186] 'C:/Zynq_Book/lab08_freertos_software_timer/lab08_freertos_software_timer.runs/impl_1/usage_statistics_webtalk.xml' has been successfully sent to Xilinx on Tue Nov 10 10:21:16 2020. For additional details about this file, please refer to the WebTalk help file at C:/Xilinx/Vivado/2019.1/doc/webtalk_introduction.html.
INFO: [Common 17-83] Releasing license: Implementation
111 Infos, 1 Warnings, 0 Critical Warnings and 0 Errors encountered.
write_bitstream completed successfully
write_bitstream: Time (s): cpu = 00:00:22 ; elapsed = 00:00:22 . Memory (MB): peak = 1932.168 ; gain = 401.883
INFO: [Common 17-206] Exiting Vivado at Tue Nov 10 10:21:16 2020...
